<?xml version="1.0" encoding="UTF-8"?>
<testng-results skipped="0" failed="1" ignored="0" total="1" passed="0">
  <reporter-output>
  </reporter-output>
  <suite name="Default suite" duration-ms="32707" started-at="2018-03-16T05:09:12Z" finished-at="2018-03-16T05:09:45Z">
    <groups>
    </groups>
    <test name="Default test" duration-ms="32707" started-at="2018-03-16T05:09:12Z" finished-at="2018-03-16T05:09:45Z">
      <class name="mBankingTestPages.LoginPageTest">
        <test-method status="PASS" signature="extentReportSetUp()[pri:0, instance:mBankingTestPages.LoginPageTest@31330c]" name="extentReportSetUp" is-config="true" duration-ms="90046" started-at="2018-03-16T10:37:42Z" finished-at="2018-03-16T10:39:12Z">
          <reporter-output>
          </reporter-output>
        </test-method> <!-- extentReportSetUp -->
        <test-method status="PASS" signature="extentbeforeMethod(java.lang.reflect.Method)[pri:0, instance:mBankingTestPages.LoginPageTest@31330c]" name="extentbeforeMethod" is-config="true" duration-ms="5" started-at="2018-03-16T10:39:12Z" finished-at="2018-03-16T10:39:12Z">
          <params>
            <param index="0">
              <value>
                <![CDATA[public void mBankingTestPages.LoginPageTest.appLogin() throws java.lang.InterruptedException]]>
              </value>
            </param>
          </params>
          <reporter-output>
          </reporter-output>
        </test-method> <!-- extentbeforeMethod -->
        <test-method status="FAIL" signature="appLogin()[pri:2, instance:mBankingTestPages.LoginPageTest@31330c]" name="appLogin" duration-ms="23772" started-at="2018-03-16T10:39:12Z" finished-at="2018-03-16T10:39:36Z">
          <exception class="org.openqa.selenium.NoSuchElementException">
            <message>
              <![CDATA[Can't locate an element by this strategy: Locator map: 
- native content: "By.xpath: //android.widget.Button[@text='OK']" 
- html content: "by id or name "okBtn""
For documentation on this error, please visit: http://seleniumhq.org/exceptions/no_such_element.html
Build info: version: '2.53.1', revision: 'a36b8b1cd5757287168e54b817830adce9b0158d', time: '2016-06-30 19:26:09'
System info: host: 'FSSCHND13937', ip: '10.44.71.115', os.name: 'Windows 7', os.arch: 'x86', os.version: '6.1', java.version: '1.8.0_144'
Driver info: driver.version: unknown]]>
            </message>
            <full-stacktrace>
              <![CDATA[org.openqa.selenium.NoSuchElementException: Can't locate an element by this strategy: Locator map: 
- native content: "By.xpath: //android.widget.Button[@text='OK']" 
- html content: "by id or name "okBtn""
For documentation on this error, please visit: http://seleniumhq.org/exceptions/no_such_element.html
Build info: version: '2.53.1', revision: 'a36b8b1cd5757287168e54b817830adce9b0158d', time: '2016-06-30 19:26:09'
System info: host: 'FSSCHND13937', ip: '10.44.71.115', os.name: 'Windows 7', os.arch: 'x86', os.version: '6.1', java.version: '1.8.0_144'
Driver info: driver.version: unknown
	at io.appium.java_client.pagefactory.AppiumElementLocator.findElement(AppiumElementLocator.java:110)
	at io.appium.java_client.pagefactory.interceptors.InterceptorOfASingleElement.intercept(InterceptorOfASingleElement.java:57)
	at io.appium.java_client.android.AndroidElement$$EnhancerByCGLIB$$c0b591f0.click(<generated>)
	at mBankingBaseFactory.AppiumController.click(AppiumController.java:841)
	at mBankingPageObjectFactory.LoginPage.loginApp(LoginPage.java:61)
	at mBankingTestPages.LoginPageTest.appLogin(LoginPageTest.java:36)
	at sun.reflect.NativeMethodAccessorImpl.invoke0(Native Method)
	at sun.reflect.NativeMethodAccessorImpl.invoke(NativeMethodAccessorImpl.java:62)
	at sun.reflect.DelegatingMethodAccessorImpl.invoke(DelegatingMethodAccessorImpl.java:43)
	at java.lang.reflect.Method.invoke(Method.java:498)
	at org.testng.internal.MethodInvocationHelper.invokeMethod(MethodInvocationHelper.java:108)
	at org.testng.internal.Invoker.invokeMethod(Invoker.java:669)
	at org.testng.internal.Invoker.invokeTestMethod(Invoker.java:877)
	at org.testng.internal.Invoker.invokeTestMethods(Invoker.java:1201)
	at org.testng.internal.TestMethodWorker.invokeTestMethods(TestMethodWorker.java:125)
	at org.testng.internal.TestMethodWorker.run(TestMethodWorker.java:109)
	at org.testng.TestRunner.privateRun(TestRunner.java:776)
	at org.testng.TestRunner.run(TestRunner.java:634)
	at org.testng.SuiteRunner.runTest(SuiteRunner.java:425)
	at org.testng.SuiteRunner.runSequentially(SuiteRunner.java:420)
	at org.testng.SuiteRunner.privateRun(SuiteRunner.java:385)
	at org.testng.SuiteRunner.run(SuiteRunner.java:334)
	at org.testng.SuiteRunnerWorker.runSuite(SuiteRunnerWorker.java:52)
	at org.testng.SuiteRunnerWorker.run(SuiteRunnerWorker.java:86)
	at org.testng.TestNG.runSuitesSequentially(TestNG.java:1318)
	at org.testng.TestNG.runSuitesLocally(TestNG.java:1243)
	at org.testng.TestNG.runSuites(TestNG.java:1161)
	at org.testng.TestNG.run(TestNG.java:1129)
	at org.testng.remote.AbstractRemoteTestNG.run(AbstractRemoteTestNG.java:114)
	at org.testng.remote.RemoteTestNG.initAndRun(RemoteTestNG.java:251)
	at org.testng.remote.RemoteTestNG.main(RemoteTestNG.java:77)
]]>
            </full-stacktrace>
          </exception> <!-- org.openqa.selenium.NoSuchElementException -->
          <reporter-output>
          </reporter-output>
        </test-method> <!-- appLogin -->
        <test-method status="PASS" signature="extentGetResult(org.testng.ITestResult)[pri:0, instance:mBankingTestPages.LoginPageTest@31330c]" name="extentGetResult" is-config="true" duration-ms="8912" started-at="2018-03-16T10:39:36Z" finished-at="2018-03-16T10:39:45Z">
          <params>
            <param index="0">
              <value>
                <![CDATA[[TestResult name=appLogin status=FAILURE method=LoginPageTest.appLogin()[pri:2, instance:mBankingTestPages.LoginPageTest@31330c] output={null}]]]>
              </value>
            </param>
          </params>
          <reporter-output>
          </reporter-output>
        </test-method> <!-- extentGetResult -->
        <test-method status="PASS" signature="tearDown()[pri:0, instance:mBankingTestPages.LoginPageTest@31330c]" name="tearDown" is-config="true" duration-ms="229" started-at="2018-03-16T10:39:45Z" finished-at="2018-03-16T10:39:45Z">
          <reporter-output>
          </reporter-output>
        </test-method> <!-- tearDown -->
      </class> <!-- mBankingTestPages.LoginPageTest -->
    </test> <!-- Default test -->
  </suite> <!-- Default suite -->
</testng-results>
