<?xml version="1.0" encoding="UTF-8"?>
<!-- Generated by org.testng.reporters.JUnitXMLReporter -->
<testsuite hostname="brantansp" ignored="0" name="Test2" tests="3" failures="1" timestamp="15 Mar 2018 21:18:45 GMT" time="9.079" errors="0">
  <testcase name="appLogin" time="4.017" classname="mBankingTestPages.HomePageTest">
    <failure type="org.openqa.selenium.NoSuchElementException" message="An element could not be located on the page using the given search parameters. (WARNING: The server did not provide any stacktrace information)
Command duration or timeout: 1.36 seconds
For documentation on this error, please visit: http://seleniumhq.org/exceptions/no_such_element.html
Build info: version: &amp;apos;2.53.1&amp;apos;, revision: &amp;apos;a36b8b1cd5757287168e54b817830adce9b0158d&amp;apos;, time: &amp;apos;2016-06-30 19:26:09&amp;apos;
System info: host: &amp;apos;brantansp&amp;apos;, ip: &amp;apos;192.168.43.164&amp;apos;, os.name: &amp;apos;Windows 10&amp;apos;, os.arch: &amp;apos;amd64&amp;apos;, os.version: &amp;apos;10.0&amp;apos;, java.version: &amp;apos;1.8.0_60&amp;apos;
Driver info: io.appium.java_client.android.AndroidDriver
Capabilities [{appPackage=com.fss.united, deviceScreenSize=1080x1920, networkConnectionEnabled=true, orientation=null, noReset=true, warnings={}, databaseEnabled=false, deviceName=HKE7YGUA, platform=LINUX, deviceUDID=HKE7YGUA, appActivity=SplashScreen, desired={appPackage=com.fss.united, appActivity=SplashScreen, orientation=null, noReset=true, newCommandTimeout=9000, platformVersion=6.0, platformName=Android, udid=HKE7YGUA, deviceName=e3a9c5b6}, newCommandTimeout=9000, platformVersion=7.1.1, webStorageEnabled=false, locationContextEnabled=false, takesScreenshot=true, javascriptEnabled=true, deviceModel=Lenovo K8 Plus, platformName=Android, udid=HKE7YGUA, deviceManufacturer=LENOVO}]
Session ID: f11787b4-c87c-4ff8-a2ba-1e99ae8df43e
*** Element info: {Using=xpath, value=//android.widget.EditText[@text=&amp;apos;Application PIN&amp;apos;]}">
      <![CDATA[org.openqa.selenium.NoSuchElementException: An element could not be located on the page using the given search parameters. (WARNING: The server did not provide any stacktrace information)
Command duration or timeout: 1.36 seconds
For documentation on this error, please visit: http://seleniumhq.org/exceptions/no_such_element.html
Build info: version: '2.53.1', revision: 'a36b8b1cd5757287168e54b817830adce9b0158d', time: '2016-06-30 19:26:09'
System info: host: 'brantansp', ip: '192.168.43.164', os.name: 'Windows 10', os.arch: 'amd64', os.version: '10.0', java.version: '1.8.0_60'
Driver info: io.appium.java_client.android.AndroidDriver
Capabilities [{appPackage=com.fss.united, deviceScreenSize=1080x1920, networkConnectionEnabled=true, orientation=null, noReset=true, warnings={}, databaseEnabled=false, deviceName=HKE7YGUA, platform=LINUX, deviceUDID=HKE7YGUA, appActivity=SplashScreen, desired={appPackage=com.fss.united, appActivity=SplashScreen, orientation=null, noReset=true, newCommandTimeout=9000, platformVersion=6.0, platformName=Android, udid=HKE7YGUA, deviceName=e3a9c5b6}, newCommandTimeout=9000, platformVersion=7.1.1, webStorageEnabled=false, locationContextEnabled=false, takesScreenshot=true, javascriptEnabled=true, deviceModel=Lenovo K8 Plus, platformName=Android, udid=HKE7YGUA, deviceManufacturer=LENOVO}]
Session ID: f11787b4-c87c-4ff8-a2ba-1e99ae8df43e
*** Element info: {Using=xpath, value=//android.widget.EditText[@text='Application PIN']}
	at org.openqa.selenium.remote.ErrorHandler.createThrowable(ErrorHandler.java:206)
	at org.openqa.selenium.remote.ErrorHandler.throwIfResponseFailed(ErrorHandler.java:158)
	at org.openqa.selenium.remote.RemoteWebDriver.execute(RemoteWebDriver.java:678)
	at io.appium.java_client.DefaultGenericMobileDriver.execute(DefaultGenericMobileDriver.java:40)
	at io.appium.java_client.AppiumDriver.execute(AppiumDriver.java:1)
	at io.appium.java_client.android.AndroidDriver.execute(AndroidDriver.java:1)
	at org.openqa.selenium.remote.RemoteWebDriver.findElement(RemoteWebDriver.java:363)
	at io.appium.java_client.DefaultGenericMobileDriver.findElement(DefaultGenericMobileDriver.java:56)
	at io.appium.java_client.AppiumDriver.findElement(AppiumDriver.java:1)
	at io.appium.java_client.android.AndroidDriver.findElement(AndroidDriver.java:1)
	at org.openqa.selenium.remote.RemoteWebDriver.findElementByXPath(RemoteWebDriver.java:500)
	at io.appium.java_client.DefaultGenericMobileDriver.findElementByXPath(DefaultGenericMobileDriver.java:134)
	at io.appium.java_client.AppiumDriver.findElementByXPath(AppiumDriver.java:1)
	at io.appium.java_client.android.AndroidDriver.findElementByXPath(AndroidDriver.java:1)
	at org.openqa.selenium.By$ByXPath.findElement(By.java:361)
	at org.openqa.selenium.remote.RemoteWebDriver.findElement(RemoteWebDriver.java:355)
	at io.appium.java_client.DefaultGenericMobileDriver.findElement(DefaultGenericMobileDriver.java:52)
	at io.appium.java_client.AppiumDriver.findElement(AppiumDriver.java:1)
	at io.appium.java_client.android.AndroidDriver.findElement(AndroidDriver.java:1)
	at mBankingBaseFactory.AppiumController.sendText(AppiumController.java:857)
	at mBankingPageObjectFactory.LoginPage.loginApp(LoginPage.java:58)
	at mBankingTestPages.HomePageTest.appLogin(HomePageTest.java:29)
... Removed 29 stack frames]]>
    </failure>
  </testcase> <!-- appLogin -->
  <testcase name="custName" time="0.383" classname="mBankingTestPages.HomePageTest"/>
  <testcase name="checkHelp" time="1.42" classname="mBankingTestPages.HomePageTest"/>
</testsuite> <!-- Test2 -->
